 
19.07.2024-04:04:57.790 +05:00 - 172.100.8.10
19.07.2024-04:04:57.818 +05:00 - Listening on port 12345



19.07.2024-04:05:25.619 +05:00 - ---Response start---
19.07.2024-04:05:25.674 +05:00 - 19.07.2024-04:05:25 +05:00
19.07.2024-04:05:25.710 +05:00 - Message with id - 3c06fbe3-c349-4142-8534-57f4dfe780f5 part 2 received
19.07.2024-04:05:25.726 +05:00 - Message with id - 3c06fbe3-c349-4142-8534-57f4dfe780f5 part 1 received
19.07.2024-04:05:25.815 +05:00 - Message with id - 3c06fbe3-c349-4142-8534-57f4dfe780f5 part 3 received
19.07.2024-04:05:25.917 +05:00 - Message with id - 3c06fbe3-c349-4142-8534-57f4dfe780f5 part 4 received
19.07.2024-04:05:26.019 +05:00 - Message with id - 3c06fbe3-c349-4142-8534-57f4dfe780f5 part 5 received
19.07.2024-04:05:26.124 +05:00 - Message with id - 3c06fbe3-c349-4142-8534-57f4dfe780f5 part 6 received
19.07.2024-04:05:26.230 +05:00 - Message with id - 3c06fbe3-c349-4142-8534-57f4dfe780f5 part 7 received
19.07.2024-04:05:26.335 +05:00 - Message with id - 3c06fbe3-c349-4142-8534-57f4dfe780f5 part 8 received
19.07.2024-04:05:26.444 +05:00 - Message with id - 3c06fbe3-c349-4142-8534-57f4dfe780f5 successfully received on server side
19.07.2024-04:05:26.503 +05:00 - Message with id - 3c06fbe3-c349-4142-8534-57f4dfe780f5 successfully saved in file on server side
19.07.2024-04:05:57.243 +05:00 - Message with id - 3c06fbe3-c349-4142-8534-57f4dfe780f5 has !ERROR! with writing into DB on server side! 
Exception: System.TimeoutException: A timeout occurred after 30000ms selecting a server using CompositeServerSelector{ Selectors = ReadPreferenceServerSelector{ ReadPreference = { Mode : Primary } }, LatencyLimitingServerSelector{ AllowedLatencyRange = 00:00:00.0150000 }, OperationsCountServerSelector }. Client view of cluster state is { ClusterId : "1", Type : "Unknown", State : "Disconnected", Servers : [{ ServerId: "{ ClusterId : 1, EndPoint : "Unspecified/localhost:27017" }", EndPoint: "Unspecified/localhost:27017", ReasonChanged: "Heartbeat", State: "Disconnected", ServerVersion: , TopologyVersion: , Type: "Unknown", HeartbeatException: "MongoDB.Driver.MongoConnectionException: An exception occurred while opening a connection to the server.
 ---> System.Net.Internals.SocketExceptionFactory+ExtendedSocketException (61): Connection refused [::1]:27017
   at System.Net.Sockets.Socket.DoConnect(EndPoint endPointSnapshot, SocketAddress socketAddress)
   at System.Net.Sockets.Socket.Connect(EndPoint remoteEP)
   at MongoDB.Driver.Core.Connections.TcpStreamFactory.Connect(Socket socket, EndPoint endPoint, CancellationToken cancellationToken)
   at MongoDB.Driver.Core.Connections.TcpStreamFactory.CreateStream(EndPoint endPoint, CancellationToken cancellationToken)
   at MongoDB.Driver.Core.Connections.BinaryConnection.OpenHelper(CancellationToken cancellationToken)
   --- End of inner exception stack trace ---
   at MongoDB.Driver.Core.Connections.BinaryConnection.OpenHelper(CancellationToken cancellationToken)
   at MongoDB.Driver.Core.Connections.BinaryConnection.Open(CancellationToken cancellationToken)
   at MongoDB.Driver.Core.Servers.ServerMonitor.InitializeConnection(CancellationToken cancellationToken)
   at MongoDB.Driver.Core.Servers.ServerMonitor.Heartbeat(CancellationToken cancellationToken)", LastHeartbeatTimestamp: "2024-07-18T23:05:56.6714100Z", LastUpdateTimestamp: "2024-07-18T23:05:56.6714100Z" }] }.
   at MongoDB.Driver.Core.Clusters.Cluster.ThrowTimeoutException(IServerSelector selector, ClusterDescription description)
   at MongoDB.Driver.Core.Clusters.Cluster.WaitForDescriptionChangedHelper.HandleCompletedTask(Task completedTask)
   at MongoDB.Driver.Core.Clusters.Cluster.WaitForDescriptionChangedAsync(IServerSelector selector, ClusterDescription description, Task descriptionChangedTask, TimeSpan timeout, CancellationToken cancellationToken)
   at MongoDB.Driver.Core.Clusters.Cluster.SelectServerAsync(IServerSelector selector, CancellationToken cancellationToken)
   at MongoDB.Driver.Core.Clusters.IClusterExtensions.SelectServerAndPinIfNeededAsync(ICluster cluster, ICoreSessionHandle session, IServerSelector selector, IReadOnlyCollection`1 deprioritizedServers, CancellationToken cancellationToken)
   at MongoDB.Driver.Core.Bindings.ReadPreferenceBinding.GetReadChannelSourceAsync(IReadOnlyCollection`1 deprioritizedServers, CancellationToken cancellationToken)
   at MongoDB.Driver.Core.Operations.RetryableReadContext.InitializeAsync(CancellationToken cancellationToken)
   at MongoDB.Driver.Core.Operations.RetryableReadContext.CreateAsync(IReadBinding binding, Boolean retryRequested, CancellationToken cancellationToken)
   at MongoDB.Driver.Core.Operations.ListCollectionsOperation.ExecuteAsync(IReadBinding binding, CancellationToken cancellationToken)
   at MongoDB.Driver.OperationExecutor.ExecuteReadOperationAsync[TResult](IReadBinding binding, IReadOperation`1 operation, CancellationToken cancellationToken)
   at MongoDB.Driver.MongoDatabaseImpl.ExecuteReadOperationAsync[T](IClientSessionHandle session, IReadOperation`1 operation, ReadPreference readPreference, CancellationToken cancellationToken)
   at MongoDB.Driver.MongoDatabaseImpl.UsingImplicitSessionAsync[TResult](Func`2 funcAsync, CancellationToken cancellationToken)
   at USTS_server.MongoDBHandler.CollectionExistsAsync(IMongoDatabase database, String collectionName) in /Users/equal/Desktop/Code/usts/USTS_Server/USTS_Server/Program.cs:line 66
   at USTS_server.MongoDBHandler.PostValueAsync(String message, String messageId) in /Users/equal/Desktop/Code/usts/USTS_Server/USTS_Server/Program.cs:line 39
19.07.2024-04:05:57.323 +05:00 - Transmit chain of message with id - 3c06fbe3-c349-4142-8534-57f4dfe780f5 FAILED!
19.07.2024-04:05:57.374 +05:00 - 30.93 seconds was spent on processing
19.07.2024-04:05:57.436 +05:00 - 19.07.2024 - 04:05: 57 +05:00
19.07.2024-04:05:57.498 +05:00 - ---Response end---
19.07.2024-04:06:39.843 +05:00 - ---Response start---
19.07.2024-04:06:39.922 +05:00 - 19.07.2024-04:06:39 +05:00
19.07.2024-04:06:39.975 +05:00 - Message with id - 7262f33e-43ae-4cc8-9c9c-bfc2f3fb0e56 part 1 received
19.07.2024-04:06:40.077 +05:00 - Message with id - 7262f33e-43ae-4cc8-9c9c-bfc2f3fb0e56 successfully received on server side
19.07.2024-04:06:40.131 +05:00 - Message with id - 7262f33e-43ae-4cc8-9c9c-bfc2f3fb0e56 successfully saved in file on server side
19.07.2024-04:07:10.676 +05:00 - Message with id - 7262f33e-43ae-4cc8-9c9c-bfc2f3fb0e56 has !ERROR! with writing into DB on server side! 
Exception: System.TimeoutException: A timeout occurred after 30000ms selecting a server using CompositeServerSelector{ Selectors = ReadPreferenceServerSelector{ ReadPreference = { Mode : Primary } }, LatencyLimitingServerSelector{ AllowedLatencyRange = 00:00:00.0150000 }, OperationsCountServerSelector }. Client view of cluster state is { ClusterId : "1", Type : "Unknown", State : "Disconnected", Servers : [{ ServerId: "{ ClusterId : 1, EndPoint : "Unspecified/localhost:27017" }", EndPoint: "Unspecified/localhost:27017", ReasonChanged: "Heartbeat", State: "Disconnected", ServerVersion: , TopologyVersion: , Type: "Unknown", HeartbeatException: "MongoDB.Driver.MongoConnectionException: An exception occurred while opening a connection to the server.
 ---> System.Net.Internals.SocketExceptionFactory+ExtendedSocketException (61): Connection refused [::1]:27017
   at System.Net.Sockets.Socket.DoConnect(EndPoint endPointSnapshot, SocketAddress socketAddress)
   at System.Net.Sockets.Socket.Connect(EndPoint remoteEP)
   at MongoDB.Driver.Core.Connections.TcpStreamFactory.Connect(Socket socket, EndPoint endPoint, CancellationToken cancellationToken)
   at MongoDB.Driver.Core.Connections.TcpStreamFactory.CreateStream(EndPoint endPoint, CancellationToken cancellationToken)
   at MongoDB.Driver.Core.Connections.BinaryConnection.OpenHelper(CancellationToken cancellationToken)
   --- End of inner exception stack trace ---
   at MongoDB.Driver.Core.Connections.BinaryConnection.OpenHelper(CancellationToken cancellationToken)
   at MongoDB.Driver.Core.Connections.BinaryConnection.Open(CancellationToken cancellationToken)
   at MongoDB.Driver.Core.Servers.ServerMonitor.InitializeConnection(CancellationToken cancellationToken)
   at MongoDB.Driver.Core.Servers.ServerMonitor.Heartbeat(CancellationToken cancellationToken)", LastHeartbeatTimestamp: "2024-07-18T23:07:09.7094170Z", LastUpdateTimestamp: "2024-07-18T23:07:09.7094180Z" }] }.
   at MongoDB.Driver.Core.Clusters.Cluster.ThrowTimeoutException(IServerSelector selector, ClusterDescription description)
   at MongoDB.Driver.Core.Clusters.Cluster.WaitForDescriptionChangedHelper.HandleCompletedTask(Task completedTask)
   at MongoDB.Driver.Core.Clusters.Cluster.WaitForDescriptionChangedAsync(IServerSelector selector, ClusterDescription description, Task descriptionChangedTask, TimeSpan timeout, CancellationToken cancellationToken)
   at MongoDB.Driver.Core.Clusters.Cluster.SelectServerAsync(IServerSelector selector, CancellationToken cancellationToken)
   at MongoDB.Driver.Core.Clusters.IClusterExtensions.SelectServerAndPinIfNeededAsync(ICluster cluster, ICoreSessionHandle session, IServerSelector selector, IReadOnlyCollection`1 deprioritizedServers, CancellationToken cancellationToken)
   at MongoDB.Driver.Core.Bindings.ReadPreferenceBinding.GetReadChannelSourceAsync(IReadOnlyCollection`1 deprioritizedServers, CancellationToken cancellationToken)
   at MongoDB.Driver.Core.Operations.RetryableReadContext.InitializeAsync(CancellationToken cancellationToken)
   at MongoDB.Driver.Core.Operations.RetryableReadContext.CreateAsync(IReadBinding binding, Boolean retryRequested, CancellationToken cancellationToken)
   at MongoDB.Driver.Core.Operations.ListCollectionsOperation.ExecuteAsync(IReadBinding binding, CancellationToken cancellationToken)
   at MongoDB.Driver.OperationExecutor.ExecuteReadOperationAsync[TResult](IReadBinding binding, IReadOperation`1 operation, CancellationToken cancellationToken)
   at MongoDB.Driver.MongoDatabaseImpl.ExecuteReadOperationAsync[T](IClientSessionHandle session, IReadOperation`1 operation, ReadPreference readPreference, CancellationToken cancellationToken)
   at MongoDB.Driver.MongoDatabaseImpl.UsingImplicitSessionAsync[TResult](Func`2 funcAsync, CancellationToken cancellationToken)
   at USTS_server.MongoDBHandler.CollectionExistsAsync(IMongoDatabase database, String collectionName) in /Users/equal/Desktop/Code/usts/USTS_Server/USTS_Server/Program.cs:line 66
   at USTS_server.MongoDBHandler.PostValueAsync(String message, String messageId) in /Users/equal/Desktop/Code/usts/USTS_Server/USTS_Server/Program.cs:line 39
19.07.2024-04:07:10.754 +05:00 - Transmit chain of message with id - 7262f33e-43ae-4cc8-9c9c-bfc2f3fb0e56 FAILED!
19.07.2024-04:07:10.806 +05:00 - 30.73 seconds was spent on processing
19.07.2024-04:07:10.858 +05:00 - 19.07.2024 - 04:07: 10 +05:00
19.07.2024-04:07:10.910 +05:00 - ---Response end---
19.07.2024-04:07:19.382 +05:00 - ---Response start---
19.07.2024-04:07:19.435 +05:00 - 19.07.2024-04:07:19 +05:00
19.07.2024-04:07:19.488 +05:00 - Message with id - 04bd4eef-b66a-432c-92d8-6d6541500909 part 1 received
19.07.2024-04:07:19.591 +05:00 - Message with id - 04bd4eef-b66a-432c-92d8-6d6541500909 successfully received on server side
19.07.2024-04:07:19.668 +05:00 - Message with id - 04bd4eef-b66a-432c-92d8-6d6541500909 successfully saved in file on server side
19.07.2024-04:07:50.202 +05:00 - Message with id - 04bd4eef-b66a-432c-92d8-6d6541500909 has !ERROR! with writing into DB on server side! 
Exception: System.TimeoutException: A timeout occurred after 30000ms selecting a server using CompositeServerSelector{ Selectors = ReadPreferenceServerSelector{ ReadPreference = { Mode : Primary } }, LatencyLimitingServerSelector{ AllowedLatencyRange = 00:00:00.0150000 }, OperationsCountServerSelector }. Client view of cluster state is { ClusterId : "1", Type : "Unknown", State : "Disconnected", Servers : [{ ServerId: "{ ClusterId : 1, EndPoint : "Unspecified/localhost:27017" }", EndPoint: "Unspecified/localhost:27017", ReasonChanged: "Heartbeat", State: "Disconnected", ServerVersion: , TopologyVersion: , Type: "Unknown", HeartbeatException: "MongoDB.Driver.MongoConnectionException: An exception occurred while opening a connection to the server.
 ---> System.Net.Internals.SocketExceptionFactory+ExtendedSocketException (61): Connection refused [::1]:27017
   at System.Net.Sockets.Socket.DoConnect(EndPoint endPointSnapshot, SocketAddress socketAddress)
   at System.Net.Sockets.Socket.Connect(EndPoint remoteEP)
   at MongoDB.Driver.Core.Connections.TcpStreamFactory.Connect(Socket socket, EndPoint endPoint, CancellationToken cancellationToken)
   at MongoDB.Driver.Core.Connections.TcpStreamFactory.CreateStream(EndPoint endPoint, CancellationToken cancellationToken)
   at MongoDB.Driver.Core.Connections.BinaryConnection.OpenHelper(CancellationToken cancellationToken)
   --- End of inner exception stack trace ---
   at MongoDB.Driver.Core.Connections.BinaryConnection.OpenHelper(CancellationToken cancellationToken)
   at MongoDB.Driver.Core.Connections.BinaryConnection.Open(CancellationToken cancellationToken)
   at MongoDB.Driver.Core.Servers.ServerMonitor.InitializeConnection(CancellationToken cancellationToken)
   at MongoDB.Driver.Core.Servers.ServerMonitor.Heartbeat(CancellationToken cancellationToken)", LastHeartbeatTimestamp: "2024-07-18T23:07:49.2095910Z", LastUpdateTimestamp: "2024-07-18T23:07:49.2095920Z" }] }.
   at MongoDB.Driver.Core.Clusters.Cluster.ThrowTimeoutException(IServerSelector selector, ClusterDescription description)
   at MongoDB.Driver.Core.Clusters.Cluster.WaitForDescriptionChangedHelper.HandleCompletedTask(Task completedTask)
   at MongoDB.Driver.Core.Clusters.Cluster.WaitForDescriptionChangedAsync(IServerSelector selector, ClusterDescription description, Task descriptionChangedTask, TimeSpan timeout, CancellationToken cancellationToken)
   at MongoDB.Driver.Core.Clusters.Cluster.SelectServerAsync(IServerSelector selector, CancellationToken cancellationToken)
   at MongoDB.Driver.Core.Clusters.IClusterExtensions.SelectServerAndPinIfNeededAsync(ICluster cluster, ICoreSessionHandle session, IServerSelector selector, IReadOnlyCollection`1 deprioritizedServers, CancellationToken cancellationToken)
   at MongoDB.Driver.Core.Bindings.ReadPreferenceBinding.GetReadChannelSourceAsync(IReadOnlyCollection`1 deprioritizedServers, CancellationToken cancellationToken)
   at MongoDB.Driver.Core.Operations.RetryableReadContext.InitializeAsync(CancellationToken cancellationToken)
   at MongoDB.Driver.Core.Operations.RetryableReadContext.CreateAsync(IReadBinding binding, Boolean retryRequested, CancellationToken cancellationToken)
   at MongoDB.Driver.Core.Operations.ListCollectionsOperation.ExecuteAsync(IReadBinding binding, CancellationToken cancellationToken)
   at MongoDB.Driver.OperationExecutor.ExecuteReadOperationAsync[TResult](IReadBinding binding, IReadOperation`1 operation, CancellationToken cancellationToken)
   at MongoDB.Driver.MongoDatabaseImpl.ExecuteReadOperationAsync[T](IClientSessionHandle session, IReadOperation`1 operation, ReadPreference readPreference, CancellationToken cancellationToken)
   at MongoDB.Driver.MongoDatabaseImpl.UsingImplicitSessionAsync[TResult](Func`2 funcAsync, CancellationToken cancellationToken)
   at USTS_server.MongoDBHandler.CollectionExistsAsync(IMongoDatabase database, String collectionName) in /Users/equal/Desktop/Code/usts/USTS_Server/USTS_Server/Program.cs:line 66
   at USTS_server.MongoDBHandler.PostValueAsync(String message, String messageId) in /Users/equal/Desktop/Code/usts/USTS_Server/USTS_Server/Program.cs:line 39
19.07.2024-04:07:50.286 +05:00 - Transmit chain of message with id - 04bd4eef-b66a-432c-92d8-6d6541500909 FAILED!
19.07.2024-04:07:50.337 +05:00 - 30.75 seconds was spent on processing
19.07.2024-04:07:50.389 +05:00 - 19.07.2024 - 04:07: 50 +05:00
19.07.2024-04:07:50.441 +05:00 - ---Response end---
